  EndingMenu.cpp
  Enemy_Projectile.cpp
  Enemy_Wave_Spawner.cpp
\\Mac\Home\Desktop\SFML Tries\SFML Tries\Enemy_Wave_Spawner.cpp(38,49): warning C4244: 'argument' : conversion de 'int' en 'float', perte possible de données
  Game.cpp
  GameObjectManager.cpp
  MainMenu.cpp
  Main.cpp
  Normal_enemy.cpp
\\Mac\Home\Desktop\SFML Tries\SFML Tries\Normal_enemy.cpp(17,19): warning C4244: 'initialisation' : conversion de 'int' en 'float', perte possible de données
  PlayerShip.cpp
  Projectile.cpp
  SplashScreen.cpp
  stdafx.cpp
  VisibleGameObject.cpp
  Génération de code en cours
  28 of 465 functions ( 6.0%) were compiled, the rest were copied from previous compilation.
    0 functions were new in current compilation
  Fin de la génération du code
    11 functions had inline decision re-evaluated but remain unchanged
  SFML Tries.vcxproj -> \\Mac\Home\Desktop\SFML Tries\Release\SFML Tries.exe
